2025-06-05 10:57:05,782 - INFO - begin_inventory.csv
2025-06-05 10:57:05,782 - INFO - Ingesting begin_inventory.csv in database
2025-06-05 10:57:07,739 - INFO - end_inventory.csv
2025-06-05 10:57:07,739 - INFO - Ingesting end_inventory.csv in database
2025-06-05 10:57:09,504 - INFO - purchases.csv
2025-06-05 10:57:09,504 - INFO - Ingesting purchases.csv in database
2025-06-05 10:57:37,883 - INFO - purchase_prices.csv
2025-06-05 10:57:37,883 - INFO - Ingesting purchase_prices.csv in database
2025-06-05 10:57:38,203 - INFO - sales.csv
2025-06-05 10:57:38,203 - INFO - Ingesting sales.csv in database
2025-06-05 11:01:01,395 - INFO - vendor_invoice.csv
2025-06-05 11:01:01,414 - INFO - Ingesting vendor_invoice.csv in database
2025-06-05 11:01:04,405 - INFO - Ingestion complete
2025-06-05 11:05:52,049 - INFO - begin_inventory.csv
2025-06-05 11:05:52,049 - INFO - Ingesting begin_inventory.csv in database
2025-06-05 11:05:53,407 - INFO - end_inventory.csv
2025-06-05 11:05:53,407 - INFO - Ingesting end_inventory.csv in database
2025-06-05 11:05:55,587 - INFO - purchases.csv
2025-06-05 11:05:55,587 - INFO - Ingesting purchases.csv in database
2025-06-05 11:07:00,698 - INFO - purchase_prices.csv
2025-06-05 11:07:00,698 - INFO - Ingesting purchase_prices.csv in database
2025-06-05 11:07:00,918 - INFO - vendor_invoice.csv
2025-06-05 11:07:00,918 - INFO - Ingesting vendor_invoice.csv in database
2025-06-05 11:07:01,007 - INFO - Ingestion complete
2025-06-05 11:07:01,007 - INFO - total_time_taken 68.95794630050659 seconds
